unityLibrary/build/intermediates/manifest_merge_blame_file/debug/manifest-merger-blame-debug-report.txt
1<?xml version="1.0" encoding="utf-8"?>
2<!-- GENERATED BY UNITY. REMOVE THIS COMMENT TO PREVENT OVERWRITING WHEN EXPORTING AGAIN -->
3<manifest xmlns:android="http://schemas.android.com/apk/res/android"
4    xmlns:tools="http://schemas.android.com/tools"
5    package="com.unity3d.player"
6    android:versionCode="1"
7    android:versionName="0.1" >
8
9    <uses-sdk
10        android:minSdkVersion="21"
10-->src\main\AndroidManifest.xml
11        android:targetSdkVersion="29" />
11-->src\main\AndroidManifest.xml
12
13    <uses-feature android:glEsVersion="0x00020000" />
13-->src\main\AndroidManifest.xml:18:3-52
13-->src\main\AndroidManifest.xml:18:17-49
14
15    <uses-permission android:name="android.permission.INTERNET" />
15-->src\main\AndroidManifest.xml:19:3-65
15-->src\main\AndroidManifest.xml:19:20-62
16    <uses-permission android:name="android.permission.CHANGE_WIFI_MULTICAST_STATE" />
16-->src\main\AndroidManifest.xml:20:3-84
16-->src\main\AndroidManifest.xml:20:20-81
17
18    <uses-feature
18-->src\main\AndroidManifest.xml:21:3-88
19        android:name="android.hardware.touchscreen"
19-->src\main\AndroidManifest.xml:21:17-60
20        android:required="false" />
20-->src\main\AndroidManifest.xml:21:61-85
21    <uses-feature
21-->src\main\AndroidManifest.xml:22:3-99
22        android:name="android.hardware.touchscreen.multitouch"
22-->src\main\AndroidManifest.xml:22:17-71
23        android:required="false" />
23-->src\main\AndroidManifest.xml:22:72-96
24    <uses-feature
24-->src\main\AndroidManifest.xml:23:3-108
25        android:name="android.hardware.touchscreen.multitouch.distinct"
25-->src\main\AndroidManifest.xml:23:17-80
26        android:required="false" />
26-->src\main\AndroidManifest.xml:23:81-105
27    android:extractNativeLibs="true"
28    <application android:isGame="true" >
28-->src\main\AndroidManifest.xml:4:3-17:17
28-->src\main\AndroidManifest.xml:4:16-37
29        <activity
29-->src\main\AndroidManifest.xml:5:5-13:16
30            android:name="com.unity3d.player.UnityPlayerActivity"
30-->src\main\AndroidManifest.xml:5:15-68
31            android:configChanges="mcc|mnc|locale|touchscreen|keyboard|keyboardHidden|navigation|orientation|screenLayout|uiMode|screenSize|smallestScreenSize|fontScale|layoutDirection|density"
31-->src\main\AndroidManifest.xml:5:182-363
32            android:exported="true"
32-->src\main\AndroidManifest.xml:6:9-32
33            android:hardwareAccelerated="false"
33-->src\main\AndroidManifest.xml:5:364-399
34            android:launchMode="singleTask"
34-->src\main\AndroidManifest.xml:5:150-181
35            android:screenOrientation="fullSensor"
35-->src\main\AndroidManifest.xml:5:111-149
36            android:theme="@style/UnityThemeSelector" >
36-->src\main\AndroidManifest.xml:5:69-110
37
38            <!-- <intent-filter> -->
39            <!-- <action android:name="android.intent.action.MAIN" /> -->
40            <!-- <category android:name="android.intent.category.LAUNCHER" /> -->
41            <!-- <category android:name="android.intent.category.LEANBACK_LAUNCHER" /> -->
42            <!-- </intent-filter> -->
43            <meta-data
43-->src\main\AndroidManifest.xml:12:7-82
44                android:name="unityplayer.UnityActivity"
44-->src\main\AndroidManifest.xml:12:18-58
45                android:value="true" />
45-->src\main\AndroidManifest.xml:12:59-79
46        </activity>
47
48        <meta-data
48-->src\main\AndroidManifest.xml:14:5-69
49            android:name="unity.splash-mode"
49-->src\main\AndroidManifest.xml:14:16-48
50            android:value="0" />
50-->src\main\AndroidManifest.xml:14:49-66
51        <meta-data
51-->src\main\AndroidManifest.xml:15:5-74
52            android:name="unity.splash-enable"
52-->src\main\AndroidManifest.xml:15:16-50
53            android:value="True" />
53-->src\main\AndroidManifest.xml:15:51-71
54        <meta-data
54-->src\main\AndroidManifest.xml:16:5-101
55            android:name="unity.build-id"
55-->src\main\AndroidManifest.xml:16:16-45
56            android:value="cbeeea9f-1d20-4a86-8be5-6df8bde5eb5c" />
56-->src\main\AndroidManifest.xml:16:46-98
57    </application>
58
59</manifest>